<?xml version="1.0" encoding="UTF-8"?>
<testsuite xmlns:xsi="http://www.w3.org/2001/XMLSchema-instance" xsi:noNamespaceSchemaLocation="https://maven.apache.org/surefire/maven-surefire-plugin/xsd/surefire-test-report-3.0.xsd" version="3.0" name="com.intuit.crowdfunds.BackendApplicationTests" time="5.704" tests="1" errors="0" skipped="0" failures="0">
  <properties>
[...]
</properties>
  <testcase name="contextLoads" classname="com.intuit.crowdfunds.BackendApplicationTests" time="0.506">
    <system-out><![CDATA[19:47:01.501 [main] INFO org.springframework.test.context.support.AnnotationConfigContextLoaderUtils -- Could not detect default configuration classes for test class [com.intuit.crowdfunds.BackendApplicationTests]: BackendApplicationTests does not declare any static, non-private, non-final, nested classes annotated with @Configuration.
19:47:01.597 [main] INFO org.springframework.boot.test.context.SpringBootTestContextBootstrapper -- Found @SpringBootConfiguration com.intuit.crowdfunds.BackendApplication for test class com.intuit.crowdfunds.BackendApplicationTests

  .   ____          _            __ _ _
 /\\ / ___'_ __ _ _(_)_ __  __ _ \ \ \ \
( ( )\___ | '_ | '_| | '_ \/ _` | \ \ \ \
 \\/  ___)| |_)| | | | | || (_| |  ) ) ) )
  '  |____| .__|_| |_|_| |_\__, | / / / /
 =========|_|==============|___/=/_/_/_/
 :: Spring Boot ::                (v3.1.0)

2024-08-12T19:47:01.988+05:30  WARN 12284 --- [           main] ory$DuplicateJsonObjectContextCustomizer : 

Found multiple occurrences of org.json.JSONObject on the class path:

	jar:file:/C:/Users/siddh/.m2/repository/org/json/json/20180130/json-20180130.jar!/org/json/JSONObject.class
	jar:file:/C:/Users/siddh/.m2/repository/com/vaadin/external/google/android-json/0.0.20131108.vaadin1/android-json-0.0.20131108.vaadin1.jar!/org/json/JSONObject.class

You may wish to exclude one of them to ensure predictable runtime behavior

2024-08-12T19:47:02.002+05:30  INFO 12284 --- [           main] c.i.crowdfunds.BackendApplicationTests   : Starting BackendApplicationTests using Java 17.0.11 with PID 12284 (started by siddh in C:\Users\siddh\Crowdfund\backend)
2024-08-12T19:47:02.003+05:30  INFO 12284 --- [           main] c.i.crowdfunds.BackendApplicationTests   : No active profile set, falling back to 1 default profile: "default"
2024-08-12T19:47:02.643+05:30  INFO 12284 --- [           main] .s.d.r.c.RepositoryConfigurationDelegate : Bootstrapping Spring Data JPA repositories in DEFAULT mode.
2024-08-12T19:47:02.719+05:30  INFO 12284 --- [           main] .s.d.r.c.RepositoryConfigurationDelegate : Finished Spring Data repository scanning in 68 ms. Found 5 JPA repository interfaces.
2024-08-12T19:47:03.172+05:30  INFO 12284 --- [           main] o.hibernate.jpa.internal.util.LogHelper  : HHH000204: Processing PersistenceUnitInfo [name: default]
2024-08-12T19:47:03.250+05:30  INFO 12284 --- [           main] org.hibernate.Version                    : HHH000412: Hibernate ORM core version 6.2.2.Final
2024-08-12T19:47:03.253+05:30  INFO 12284 --- [           main] org.hibernate.cfg.Environment            : HHH000406: Using bytecode reflection optimizer
2024-08-12T19:47:03.479+05:30  INFO 12284 --- [           main] o.h.b.i.BytecodeProviderInitiator        : HHH000021: Bytecode provider name : bytebuddy
2024-08-12T19:47:03.610+05:30  INFO 12284 --- [           main] o.s.o.j.p.SpringPersistenceUnitInfo      : No LoadTimeWeaver setup: ignoring JPA class transformer
2024-08-12T19:47:03.629+05:30  INFO 12284 --- [           main] com.zaxxer.hikari.HikariDataSource       : HikariPool-1 - Starting...
2024-08-12T19:47:03.942+05:30  INFO 12284 --- [           main] com.zaxxer.hikari.pool.HikariPool        : HikariPool-1 - Added connection com.mysql.cj.jdbc.ConnectionImpl@349f3ff7
2024-08-12T19:47:03.944+05:30  INFO 12284 --- [           main] com.zaxxer.hikari.HikariDataSource       : HikariPool-1 - Start completed.
2024-08-12T19:47:04.013+05:30  INFO 12284 --- [           main] org.hibernate.orm.dialect                : HHH035001: Using dialect: org.hibernate.dialect.MySQLDialect, version: 8.0.39
2024-08-12T19:47:04.309+05:30  INFO 12284 --- [           main] o.h.b.i.BytecodeProviderInitiator        : HHH000021: Bytecode provider name : bytebuddy
2024-08-12T19:47:04.833+05:30  INFO 12284 --- [           main] o.h.m.i.EntityInstantiatorPojoStandard   : HHH000182: No default (no-argument) constructor for class: com.intuit.crowdfunds.entites.Transaction (class must be instantiated by Interceptor)
2024-08-12T19:47:04.841+05:30  INFO 12284 --- [           main] o.h.m.i.EntityInstantiatorPojoStandard   : HHH000182: No default (no-argument) constructor for class: com.intuit.crowdfunds.entites.Donation (class must be instantiated by Interceptor)
2024-08-12T19:47:05.047+05:30  INFO 12284 --- [           main] o.h.e.t.j.p.i.JtaPlatformInitiator       : HHH000490: Using JtaPlatform implementation: [org.hibernate.engine.transaction.jta.platform.internal.NoJtaPlatform]
2024-08-12T19:47:05.280+05:30  INFO 12284 --- [           main] j.LocalContainerEntityManagerFactoryBean : Initialized JPA EntityManagerFactory for persistence unit 'default'
2024-08-12T19:47:05.636+05:30  INFO 12284 --- [           main] c.i.crowdfunds.config.PasswordConfig     : Initializing BCryptPasswordEncoder
2024-08-12T19:47:05.642+05:30  INFO 12284 --- [           main] c.i.c.config.UserAuthenticationProvider  : Initialized the user authentication provider
2024-08-12T19:47:05.708+05:30  INFO 12284 --- [           main] c.c.PaymentGatewayConfig$$SpringCGLIB$$0 : Initializing the Razorpay Client GW 
2024-08-12T19:47:05.937+05:30  WARN 12284 --- [           main] JpaBaseConfiguration$JpaWebConfiguration : spring.jpa.open-in-view is enabled by default. Therefore, database queries may be performed during view rendering. Explicitly configure spring.jpa.open-in-view to disable this warning
2024-08-12T19:47:05.956+05:30  WARN 12284 --- [           main] .s.s.UserDetailsServiceAutoConfiguration : 

Using generated security password: f00add28-ff03-406b-b1df-7aad68d71e4c

This generated password is for development use only. Your security configuration must be updated before running your application in production.

2024-08-12T19:47:06.043+05:30  INFO 12284 --- [           main] c.i.c.c.SecurityConfig$$SpringCGLIB$$0   : Initializing the security config, Open endpoints are api/auth/login and api/auth/register
2024-08-12T19:47:06.238+05:30  INFO 12284 --- [           main] o.s.s.web.DefaultSecurityFilterChain     : Will secure any request with [org.springframework.security.web.session.DisableEncodeUrlFilter@475fb7, org.springframework.security.web.context.request.async.WebAsyncManagerIntegrationFilter@41db6e4b, org.springframework.security.web.context.SecurityContextHolderFilter@2e10f765, org.springframework.security.web.header.HeaderWriterFilter@7375ebe7, org.springframework.security.web.authentication.logout.LogoutFilter@5e1535e0, com.intuit.crowdfunds.filters.JwtAuthFilter@5367d46f, org.springframework.security.web.savedrequest.RequestCacheAwareFilter@4c5379f5, org.springframework.security.web.servletapi.SecurityContextHolderAwareRequestFilter@4af0ae2c, org.springframework.security.web.authentication.AnonymousAuthenticationFilter@6c4eccd2, org.springframework.security.web.session.SessionManagementFilter@515555b, org.springframework.security.web.access.ExceptionTranslationFilter@6aaed880, org.springframework.security.web.access.intercept.AuthorizationFilter@8b93c88]
2024-08-12T19:47:06.334+05:30  INFO 12284 --- [           main] c.i.c.config.WebConfig$$SpringCGLIB$$0   : Initializing the WebConfig, CORS, Allowed orgins: http://localhost:3000
2024-08-12T19:47:06.535+05:30  INFO 12284 --- [           main] c.i.crowdfunds.BackendApplicationTests   : Started BackendApplicationTests in 4.769 seconds (process running for 5.655)
]]></system-out>
  </testcase>
</testsuite>